<?xml version="1.0" encoding="UTF-8"?>
<testsuite xmlns:xsi="http://www.w3.org/2001/XMLSchema-instance" xsi:noNamespaceSchemaLocation="https://maven.apache.org/surefire/maven-surefire-plugin/xsd/surefire-test-report-3.0.xsd" version="3.0" name="fr.insa.maven.demo.demoMavenProject.ValidateurTest" time="3.271" tests="3" errors="0" skipped="0" failures="0">
  <properties>
[...]
</properties>
  <testcase name="testValiderMissionAvecBenevole" classname="fr.insa.maven.demo.demoMavenProject.ValidateurTest" time="2.913">
    <system-out><![CDATA[Base de données vérifiée ou créée : test_db
Sortie MySQL :
Erreurs MySQL :
Fichier SQL exécuté avec succès via MySQL CLI.
Échec de la mise à jour dans la base de données pour la mission : Soins médicaux
]]></system-out>
    <system-err><![CDATA[mysql: [Warning] Using a password on the command line interface can be insecure.
]]></system-err>
  </testcase>
  <testcase name="testValiderMissionAvecEmplacementInvalide" classname="fr.insa.maven.demo.demoMavenProject.ValidateurTest" time="0.208">
    <system-out><![CDATA[Base de données vérifiée ou créée : test_db
Sortie MySQL :
Erreurs MySQL :
Fichier SQL exécuté avec succès via MySQL CLI.
]]></system-out>
    <system-err><![CDATA[mysql: [Warning] Using a password on the command line interface can be insecure.
]]></system-err>
  </testcase>
  <testcase name="testValiderMissionSansBenevole" classname="fr.insa.maven.demo.demoMavenProject.ValidateurTest" time="0.143">
    <system-out><![CDATA[Base de données vérifiée ou créée : test_db
Sortie MySQL :
Erreurs MySQL :
Fichier SQL exécuté avec succès via MySQL CLI.
]]></system-out>
    <system-err><![CDATA[mysql: [Warning] Using a password on the command line interface can be insecure.
]]></system-err>
  </testcase>
</testsuite>